<?xml version="1.0" encoding="UTF-8" standalone="yes"?><!DOCTYPE report PUBLIC "-//JACOCO//DTD Report 1.1//EN" "report.dtd"><report name="Dependency-Check Core"><sessioninfo id="travis-job-be0d391a-0b98-4261-98bd-3dda9ceff678-ddfa967b" start="1560083555193" dump="1560083557597"/><sessioninfo id="travis-job-be0d391a-0b98-4261-98bd-3dda9ceff678-d3c7e03d" start="1560083637496" dump="1560083829037"/><group name="dependency-check-utils"><package name="org/owasp/dependencycheck/utils/search"><class name="org/owasp/dependencycheck/utils/search/FileContentSearch" sourcefilename="FileContentSearch.java"><method name="contains" desc="(Ljava/io/File;Ljava/lang/String;)Z" line="53"><counter type="INSTRUCTION" missed="22" covered="0"/><counter type="BRANCH" missed="2" covered="0"/><counter type="LINE" missed="5" covered="0"/><counter type="COMPLEXITY" missed="2" covered="0"/><counter type="METHOD" missed="1" covered="0"/></method><method name="contains" desc="(Ljava/io/File;[Ljava/lang/String;)Z" line="72"><counter type="INSTRUCTION" missed="41" covered="0"/><counter type="BRANCH" missed="2" covered="0"/><counter type="LINE" missed="5" covered="0"/><counter type="COMPLEXITY" missed="2" covered="0"/><counter type="METHOD" missed="1" covered="0"/></method><method name="lambda$contains$0" desc="(Ljava/util/Scanner;Ljava/util/regex/Pattern;)Z" line="77"><counter type="INSTRUCTION" missed="9" covered="0"/><counter type="BRANCH" missed="2" covered="0"/><counter type="LINE" missed="1" covered="0"/><counter type="COMPLEXITY" missed="2" covered="0"/><counter type="METHOD" missed="1" covered="0"/></method><counter type="INSTRUCTION" missed="72" covered="0"/><counter type="BRANCH" missed="6" covered="0"/><counter type="LINE" missed="10" covered="0"/><counter type="COMPLEXITY" missed="6" covered="0"/><counter type="METHOD" missed="3" covered="0"/><counter type="CLASS" missed="1" covered="0"/></class><sourcefile name="FileContentSearch.java"><line nr="53" mi="8" ci="0" mb="0" cb="0"/><line nr="54" mi="3" ci="0" mb="0" cb="0"/><line nr="55" mi="5" ci="0" mb="2" cb="0"/><line nr="56" mi="4" ci="0" mb="0" cb="0"/><line nr="59" mi="2" ci="0" mb="0" cb="0"/><line nr="72" mi="4" ci="0" mb="0" cb="0"/><line nr="73" mi="16" ci="0" mb="2" cb="0"/><line nr="74" mi="5" ci="0" mb="0" cb="0"/><line nr="76" mi="8" ci="0" mb="0" cb="0"/><line nr="77" mi="17" ci="0" mb="2" cb="0"/><counter type="INSTRUCTION" missed="72" covered="0"/><counter type="BRANCH" missed="6" covered="0"/><counter type="LINE" missed="10" covered="0"/><counter type="COMPLEXITY" missed="6" covered="0"/><counter type="METHOD" missed="3" covered="0"/><counter type="CLASS" missed="1" covered="0"/></sourcefile><counter type="INSTRUCTION" missed="72" covered="0"/><counter type="BRANCH" missed="6" covered="0"/><counter type="LINE" missed="10" covered="0"/><counter type="COMPLEXITY" missed="6" covered="0"/><counter type="METHOD" missed="3" covered="0"/><counter type="CLASS" missed="1" covered="0"/></package><package name="org/owasp/dependencycheck/utils"><class name="org/owasp/dependencycheck/utils/FileUtils" sourcefilename="FileUtils.java"><method name="getFileExtension" desc="(Ljava/lang/String;)Ljava/lang/String;" line="74"><counter type="INSTRUCTION" missed="1" covered="15"/><counter type="BRANCH" missed="1" covered="1"/><counter type="LINE" missed="0" covered="2"/><counter type="COMPLEXITY" missed="1" covered="1"/><counter type="METHOD" missed="0" covered="1"/></method><method name="delete" desc="(Ljava/io/File;)Z" line="86"><counter type="INSTRUCTION" missed="12" covered="9"/><counter type="BRANCH" missed="2" covered="2"/><counter type="LINE" missed="4" covered="4"/><counter type="COMPLEXITY" missed="2" covered="1"/><counter type="METHOD" missed="0" covered="1"/></method><method name="createTempDirectory" desc="(Ljava/io/File;)Ljava/io/File;" line="109"><counter type="INSTRUCTION" missed="18" covered="27"/><counter type="BRANCH" missed="2" covered="2"/><counter type="LINE" missed="2" covered="5"/><counter type="COMPLEXITY" missed="2" covered="1"/><counter type="METHOD" missed="0" covered="1"/></method><method name="getBitBucket" desc="()Ljava/lang/String;" line="128"><counter type="INSTRUCTION" missed="2" covered="4"/><counter type="BRANCH" missed="1" covered="1"/><counter type="LINE" missed="0" covered="1"/><counter type="COMPLEXITY" missed="1" covered="1"/><counter type="METHOD" missed="0" covered="1"/></method><method name="close" desc="(Ljava/io/Closeable;)V" line="138"><counter type="INSTRUCTION" missed="5" covered="7"/><counter type="BRANCH" missed="0" covered="2"/><counter type="LINE" missed="2" covered="4"/><counter type="COMPLEXITY" missed="0" covered="2"/><counter type="METHOD" missed="0" covered="1"/></method><method name="getResourceAsStream" desc="(Ljava/lang/String;)Ljava/io/InputStream;" line="155"><counter type="INSTRUCTION" missed="19" covered="14"/><counter type="BRANCH" missed="2" covered="2"/><counter type="LINE" missed="3" covered="6"/><counter type="COMPLEXITY" missed="2" covered="1"/><counter type="METHOD" missed="0" covered="1"/></method><method name="getResourceAsFile" desc="(Ljava/lang/String;)Ljava/io/File;" line="178"><counter type="INSTRUCTION" missed="26" covered="0"/><counter type="BRANCH" missed="4" covered="0"/><counter type="LINE" missed="7" covered="0"/><counter type="COMPLEXITY" missed="3" covered="0"/><counter type="METHOD" missed="1" covered="0"/></method><method name="&lt;clinit&gt;" desc="()V" line="48"><counter type="INSTRUCTION" missed="0" covered="4"/><counter type="LINE" missed="0" covered="1"/><counter type="COMPLEXITY" missed="0" covered="1"/><counter type="METHOD" missed="0" covered="1"/></method><counter type="INSTRUCTION" missed="83" covered="80"/><counter type="BRANCH" missed="12" covered="10"/><counter type="LINE" missed="18" covered="23"/><counter type="COMPLEXITY" missed="11" covered="8"/><counter type="METHOD" missed="1" covered="7"/><counter type="CLASS" missed="0" covered="1"/></class><class name="org/owasp/dependencycheck/utils/Settings$KEYS" sourcefilename="Settings.java"/><class name="org/owasp/dependencycheck/utils/HttpResourceConnection" sourcefilename="HttpResourceConnection.java"><method name="&lt;init&gt;" desc="(Lorg/owasp/dependencycheck/utils/Settings;)V" line="86"><counter type="INSTRUCTION" missed="5" covered="0"/><counter type="LINE" missed="2" covered="0"/><counter type="COMPLEXITY" missed="1" covered="0"/><counter type="METHOD" missed="1" covered="0"/></method><method name="&lt;init&gt;" desc="(Lorg/owasp/dependencycheck/utils/Settings;Z)V" line="74"><counter type="INSTRUCTION" missed="0" covered="18"/><counter type="LINE" missed="0" covered="6"/><counter type="COMPLEXITY" missed="0" covered="1"/><counter type="METHOD" missed="0" covered="1"/></method><method name="fetch" desc="(Ljava/net/URL;)Ljava/io/InputStream;" line="111"><counter type="INSTRUCTION" missed="142" covered="36"/><counter type="BRANCH" missed="8" covered="6"/><counter type="LINE" missed="25" covered="8"/><counter type="COMPLEXITY" missed="6" covered="2"/><counter type="METHOD" missed="0" covered="1"/></method><method name="obtainConnection" desc="(Ljava/net/URL;)Ljava/net/HttpURLConnection;" line="169"><counter type="INSTRUCTION" missed="107" covered="40"/><counter type="BRANCH" missed="10" covered="4"/><counter type="LINE" missed="24" covered="11"/><counter type="COMPLEXITY" missed="7" covered="1"/><counter type="METHOD" missed="0" covered="1"/></method><method name="getLastModified" desc="(Ljava/net/URL;)J" line="239"><counter type="INSTRUCTION" missed="5" covered="0"/><counter type="LINE" missed="1" covered="0"/><counter type="COMPLEXITY" missed="1" covered="0"/><counter type="METHOD" missed="1" covered="0"/></method><method name="getLastModified" desc="(Ljava/net/URL;Z)J" line="260"><counter type="INSTRUCTION" missed="185" covered="0"/><counter type="BRANCH" missed="14" covered="0"/><counter type="LINE" missed="36" covered="0"/><counter type="COMPLEXITY" missed="8" covered="0"/><counter type="METHOD" missed="1" covered="0"/></method><method name="close" desc="()V" line="321"><counter type="INSTRUCTION" missed="0" covered="10"/><counter type="BRANCH" missed="1" covered="1"/><counter type="LINE" missed="0" covered="4"/><counter type="COMPLEXITY" missed="1" covered="1"/><counter type="METHOD" missed="0" covered="1"/></method><method name="isClosed" desc="()Z" line="336"><counter type="INSTRUCTION" missed="7" covered="0"/><counter type="BRANCH" missed="2" covered="0"/><counter type="LINE" missed="1" covered="0"/><counter type="COMPLEXITY" missed="2" covered="0"/><counter type="METHOD" missed="1" covered="0"/></method><method name="determineHttpMethod" desc="()Ljava/lang/String;" line="345"><counter type="INSTRUCTION" missed="7" covered="0"/><counter type="BRANCH" missed="2" covered="0"/><counter type="LINE" missed="1" covered="0"/><counter type="COMPLEXITY" missed="2" covered="0"/><counter type="METHOD" missed="1" covered="0"/></method><method name="isQuickQuery" desc="()Z" line="355"><counter type="INSTRUCTION" missed="6" covered="0"/><counter type="LINE" missed="1" covered="0"/><counter type="COMPLEXITY" missed="1" covered="0"/><counter type="METHOD" missed="1" covered="0"/></method><method name="checkForCommonExceptionTypes" desc="(Ljava/io/IOException;)V" line="369"><counter type="INSTRUCTION" missed="70" covered="0"/><counter type="BRANCH" missed="6" covered="0"/><counter type="LINE" missed="16" covered="0"/><counter type="COMPLEXITY" missed="4" covered="0"/><counter type="METHOD" missed="1" covered="0"/></method><method name="&lt;clinit&gt;" desc="()V" line="48"><counter type="INSTRUCTION" missed="0" covered="4"/><counter type="LINE" missed="0" covered="1"/><counter type="COMPLEXITY" missed="0" covered="1"/><counter type="METHOD" missed="0" covered="1"/></method><counter type="INSTRUCTION" missed="534" covered="108"/><counter type="BRANCH" missed="43" covered="11"/><counter type="LINE" missed="107" covered="30"/><counter type="COMPLEXITY" missed="33" covered="6"/><counter type="METHOD" missed="7" covered="5"/><counter type="CLASS" missed="0" covered="1"/></class><class name="org/owasp/dependencycheck/utils/Settings" sourcefilename="Settings.java"><method name="&lt;init&gt;" desc="()V" line="67"><counter type="INSTRUCTION" missed="0" covered="12"/><counter type="LINE" missed="0" covered="5"/><counter type="COMPLEXITY" missed="0" covered="1"/><counter type="METHOD" missed="0" covered="1"/></method><method name="&lt;init&gt;" desc="(Ljava/util/Properties;)V" line="67"><counter type="INSTRUCTION" missed="17" covered="0"/><counter type="LINE" missed="6" covered="0"/><counter type="COMPLEXITY" missed="1" covered="0"/><counter type="METHOD" missed="1" covered="0"/></method><method name="&lt;init&gt;" desc="(Ljava/lang/String;)V" line="67"><counter type="INSTRUCTION" missed="12" covered="0"/><counter type="LINE" missed="5" covered="0"/><counter type="COMPLEXITY" missed="1" covered="0"/><counter type="METHOD" missed="1" covered="0"/></method><method name="initialize" desc="(Ljava/lang/String;)V" line="614"><counter type="INSTRUCTION" missed="19" covered="21"/><counter type="LINE" missed="6" covered="6"/><counter type="COMPLEXITY" missed="0" covered="1"/><counter type="METHOD" missed="0" covered="1"/></method><method name="cleanup" desc="()V" line="631"><counter type="INSTRUCTION" missed="4" covered="0"/><counter type="LINE" missed="2" covered="0"/><counter type="COMPLEXITY" missed="1" covered="0"/><counter type="METHOD" missed="1" covered="0"/></method><method name="cleanup" desc="(Z)V" line="641"><counter type="INSTRUCTION" missed="0" covered="23"/><counter type="BRANCH" missed="1" covered="5"/><counter type="LINE" missed="0" covered="5"/><counter type="COMPLEXITY" missed="1" covered="3"/><counter type="METHOD" missed="0" covered="1"/></method><method name="logProperties" desc="(Ljava/lang/String;Ljava/util/Properties;)V" line="656"><counter type="INSTRUCTION" missed="73" covered="4"/><counter type="BRANCH" missed="7" covered="1"/><counter type="LINE" missed="14" covered="2"/><counter type="COMPLEXITY" missed="4" covered="1"/><counter type="METHOD" missed="0" covered="1"/></method><method name="setString" desc="(Ljava/lang/String;Ljava/lang/String;)V" line="686"><counter type="INSTRUCTION" missed="0" covered="12"/><counter type="LINE" missed="0" covered="3"/><counter type="COMPLEXITY" missed="0" covered="1"/><counter type="METHOD" missed="0" covered="1"/></method><method name="setStringIfNotNull" desc="(Ljava/lang/String;Ljava/lang/String;)V" line="697"><counter type="INSTRUCTION" missed="8" covered="0"/><counter type="BRANCH" missed="2" covered="0"/><counter type="LINE" missed="3" covered="0"/><counter type="COMPLEXITY" missed="2" covered="0"/><counter type="METHOD" missed="1" covered="0"/></method><method name="setStringIfNotEmpty" desc="(Ljava/lang/String;Ljava/lang/String;)V" line="709"><counter type="INSTRUCTION" missed="7" covered="4"/><counter type="BRANCH" missed="3" covered="1"/><counter type="LINE" missed="1" covered="2"/><counter type="COMPLEXITY" missed="2" covered="1"/><counter type="METHOD" missed="0" covered="1"/></method><method name="setArrayIfNotEmpty" desc="(Ljava/lang/String;[Ljava/lang/String;)V" line="721"><counter type="INSTRUCTION" missed="15" covered="0"/><counter type="BRANCH" missed="4" covered="0"/><counter type="LINE" missed="3" covered="0"/><counter type="COMPLEXITY" missed="3" covered="0"/><counter type="METHOD" missed="1" covered="0"/></method><method name="setArrayIfNotEmpty" desc="(Ljava/lang/String;Ljava/util/List;)V" line="733"><counter type="INSTRUCTION" missed="15" covered="0"/><counter type="BRANCH" missed="4" covered="0"/><counter type="LINE" missed="3" covered="0"/><counter type="COMPLEXITY" missed="3" covered="0"/><counter type="METHOD" missed="1" covered="0"/></method><method name="setBoolean" desc="(Ljava/lang/String;Z)V" line="745"><counter type="INSTRUCTION" missed="0" covered="6"/><counter type="LINE" missed="0" covered="2"/><counter type="COMPLEXITY" missed="0" covered="1"/><counter type="METHOD" missed="0" covered="1"/></method><method name="setBooleanIfNotNull" desc="(Ljava/lang/String;Ljava/lang/Boolean;)V" line="755"><counter type="INSTRUCTION" missed="9" covered="0"/><counter type="BRANCH" missed="2" covered="0"/><counter type="LINE" missed="3" covered="0"/><counter type="COMPLEXITY" missed="2" covered="0"/><counter type="METHOD" missed="1" covered="0"/></method><method name="setFloat" desc="(Ljava/lang/String;F)V" line="767"><counter type="INSTRUCTION" missed="6" covered="0"/><counter type="LINE" missed="2" covered="0"/><counter type="COMPLEXITY" missed="1" covered="0"/><counter type="METHOD" missed="1" covered="0"/></method><method name="setInt" desc="(Ljava/lang/String;I)V" line="777"><counter type="INSTRUCTION" missed="14" covered="0"/><counter type="LINE" missed="3" covered="0"/><counter type="COMPLEXITY" missed="1" covered="0"/><counter type="METHOD" missed="1" covered="0"/></method><method name="setIntIfNotNull" desc="(Ljava/lang/String;Ljava/lang/Integer;)V" line="788"><counter type="INSTRUCTION" missed="9" covered="0"/><counter type="BRANCH" missed="2" covered="0"/><counter type="LINE" missed="3" covered="0"/><counter type="COMPLEXITY" missed="2" covered="0"/><counter type="METHOD" missed="1" covered="0"/></method><method name="mergeProperties" desc="(Ljava/io/File;)V" line="807"><counter type="INSTRUCTION" missed="11" covered="0"/><counter type="LINE" missed="3" covered="0"/><counter type="COMPLEXITY" missed="1" covered="0"/><counter type="METHOD" missed="1" covered="0"/></method><method name="mergeProperties" desc="(Ljava/lang/String;)V" line="826"><counter type="INSTRUCTION" missed="11" covered="0"/><counter type="LINE" missed="3" covered="0"/><counter type="COMPLEXITY" missed="1" covered="0"/><counter type="METHOD" missed="1" covered="0"/></method><method name="mergeProperties" desc="(Ljava/io/InputStream;)V" line="842"><counter type="INSTRUCTION" missed="10" covered="0"/><counter type="LINE" missed="3" covered="0"/><counter type="COMPLEXITY" missed="1" covered="0"/><counter type="METHOD" missed="1" covered="0"/></method><method name="getFile" desc="(Ljava/lang/String;)Ljava/io/File;" line="857"><counter type="INSTRUCTION" missed="13" covered="0"/><counter type="BRANCH" missed="2" covered="0"/><counter type="LINE" missed="4" covered="0"/><counter type="COMPLEXITY" missed="2" covered="0"/><counter type="METHOD" missed="1" covered="0"/></method><method name="getDataFile" desc="(Ljava/lang/String;)Ljava/io/File;" line="879"><counter type="INSTRUCTION" missed="28" covered="19"/><counter type="BRANCH" missed="2" covered="2"/><counter type="LINE" missed="7" covered="5"/><counter type="COMPLEXITY" missed="2" covered="1"/><counter type="METHOD" missed="0" covered="1"/></method><method name="getJarPath" desc="()Ljava/io/File;" line="902"><counter type="INSTRUCTION" missed="52" covered="0"/><counter type="BRANCH" missed="8" covered="0"/><counter type="LINE" missed="13" covered="0"/><counter type="COMPLEXITY" missed="5" covered="0"/><counter type="METHOD" missed="1" covered="0"/></method><method name="getString" desc="(Ljava/lang/String;Ljava/lang/String;)Ljava/lang/String;" line="933"><counter type="INSTRUCTION" missed="0" covered="8"/><counter type="LINE" missed="0" covered="1"/><counter type="COMPLEXITY" missed="0" covered="1"/><counter type="METHOD" missed="0" covered="1"/></method><method name="getTempDirectory" desc="()Ljava/io/File;" line="943"><counter type="INSTRUCTION" missed="0" covered="19"/><counter type="BRANCH" missed="0" covered="2"/><counter type="LINE" missed="0" covered="4"/><counter type="COMPLEXITY" missed="0" covered="2"/><counter type="METHOD" missed="0" covered="1"/></method><method name="getString" desc="(Ljava/lang/String;)Ljava/lang/String;" line="960"><counter type="INSTRUCTION" missed="0" covered="7"/><counter type="LINE" missed="0" covered="1"/><counter type="COMPLEXITY" missed="0" covered="1"/><counter type="METHOD" missed="0" covered="1"/></method><method name="getArray" desc="(Ljava/lang/String;)[Ljava/lang/String;" line="973"><counter type="INSTRUCTION" missed="8" covered="22"/><counter type="BRANCH" missed="2" covered="4"/><counter type="LINE" missed="1" covered="5"/><counter type="COMPLEXITY" missed="2" covered="2"/><counter type="METHOD" missed="0" covered="1"/></method><method name="removeProperty" desc="(Ljava/lang/String;)V" line="991"><counter type="INSTRUCTION" missed="6" covered="0"/><counter type="LINE" missed="2" covered="0"/><counter type="COMPLEXITY" missed="1" covered="0"/><counter type="METHOD" missed="1" covered="0"/></method><method name="getInt" desc="(Ljava/lang/String;)I" line="1007"><counter type="INSTRUCTION" missed="16" covered="5"/><counter type="LINE" missed="2" covered="1"/><counter type="COMPLEXITY" missed="0" covered="1"/><counter type="METHOD" missed="0" covered="1"/></method><method name="getInt" desc="(Ljava/lang/String;I)I" line="1027"><counter type="INSTRUCTION" missed="20" covered="17"/><counter type="BRANCH" missed="1" covered="1"/><counter type="LINE" missed="1" covered="6"/><counter type="COMPLEXITY" missed="1" covered="1"/><counter type="METHOD" missed="0" covered="1"/></method><method name="getLong" desc="(Ljava/lang/String;)J" line="1050"><counter type="INSTRUCTION" missed="21" covered="0"/><counter type="LINE" missed="3" covered="0"/><counter type="COMPLEXITY" missed="1" covered="0"/><counter type="METHOD" missed="1" covered="0"/></method><method name="getBoolean" desc="(Ljava/lang/String;)Z" line="1069"><counter type="INSTRUCTION" missed="0" covered="5"/><counter type="LINE" missed="0" covered="1"/><counter type="COMPLEXITY" missed="0" covered="1"/><counter type="METHOD" missed="0" covered="1"/></method><method name="getBoolean" desc="(Ljava/lang/String;Z)Z" line="1085"><counter type="INSTRUCTION" missed="0" covered="7"/><counter type="LINE" missed="0" covered="1"/><counter type="COMPLEXITY" missed="0" covered="1"/><counter type="METHOD" missed="0" covered="1"/></method><method name="getFloat" desc="(Ljava/lang/String;F)F" line="1101"><counter type="INSTRUCTION" missed="6" covered="9"/><counter type="LINE" missed="2" covered="4"/><counter type="COMPLEXITY" missed="0" covered="1"/><counter type="METHOD" missed="0" covered="1"/></method><method name="getConnectionString" desc="(Ljava/lang/String;Ljava/lang/String;)Ljava/lang/String;" line="1125"><counter type="INSTRUCTION" missed="30" covered="65"/><counter type="BRANCH" missed="6" covered="6"/><counter type="LINE" missed="5" covered="15"/><counter type="COMPLEXITY" missed="6" covered="1"/><counter type="METHOD" missed="0" covered="1"/></method><method name="getDataDirectory" desc="()Ljava/io/File;" line="1163"><counter type="INSTRUCTION" missed="20" covered="11"/><counter type="BRANCH" missed="6" covered="2"/><counter type="LINE" missed="2" covered="3"/><counter type="COMPLEXITY" missed="4" covered="1"/><counter type="METHOD" missed="0" covered="1"/></method><method name="getH2DataDirectory" desc="()Ljava/io/File;" line="1180"><counter type="INSTRUCTION" missed="20" covered="25"/><counter type="BRANCH" missed="7" covered="5"/><counter type="LINE" missed="2" covered="6"/><counter type="COMPLEXITY" missed="5" covered="2"/><counter type="METHOD" missed="0" covered="1"/></method><method name="getTempFile" desc="(Ljava/lang/String;Ljava/lang/String;)Ljava/io/File;" line="1203"><counter type="INSTRUCTION" missed="37" covered="0"/><counter type="BRANCH" missed="2" covered="0"/><counter type="LINE" missed="6" covered="0"/><counter type="COMPLEXITY" missed="2" covered="0"/><counter type="METHOD" missed="1" covered="0"/></method><method name="&lt;clinit&gt;" desc="()V" line="55"><counter type="INSTRUCTION" missed="0" covered="4"/><counter type="LINE" missed="0" covered="1"/><counter type="COMPLEXITY" missed="0" covered="1"/><counter type="METHOD" missed="0" covered="1"/></method><counter type="INSTRUCTION" missed="517" covered="305"/><counter type="BRANCH" missed="61" covered="29"/><counter type="LINE" missed="109" covered="79"/><counter type="COMPLEXITY" missed="58" covered="26"/><counter type="METHOD" missed="18" covered="21"/><counter type="CLASS" missed="0" covered="1"/></class><class name="org/owasp/dependencycheck/utils/ExpectedObjectInputStream" sourcefilename="ExpectedObjectInputStream.java"><method name="&lt;init&gt;" desc="(Ljava/io/InputStream;[Ljava/lang/String;)V" line="41"><counter type="INSTRUCTION" missed="15" covered="0"/><counter type="LINE" missed="4" covered="0"/><counter type="COMPLEXITY" missed="1" covered="0"/><counter type="METHOD" missed="1" covered="0"/></method><method name="resolveClass" desc="(Ljava/io/ObjectStreamClass;)Ljava/lang/Class;" line="63"><counter type="INSTRUCTION" missed="17" covered="0"/><counter type="BRANCH" missed="2" covered="0"/><counter type="LINE" missed="3" covered="0"/><counter type="COMPLEXITY" missed="2" covered="0"/><counter type="METHOD" missed="1" covered="0"/></method><counter type="INSTRUCTION" missed="32" covered="0"/><counter type="BRANCH" missed="2" covered="0"/><counter type="LINE" missed="7" covered="0"/><counter type="COMPLEXITY" missed="3" covered="0"/><counter type="METHOD" missed="2" covered="0"/><counter type="CLASS" missed="1" covered="0"/></class><class name="org/owasp/dependencycheck/utils/SSLSocketFactoryEx" sourcefilename="SSLSocketFactoryEx.java"><method name="&lt;init&gt;" desc="(Lorg/owasp/dependencycheck/utils/Settings;)V" line="66"><counter type="INSTRUCTION" missed="0" covered="11"/><counter type="LINE" missed="0" covered="4"/><counter type="COMPLEXITY" missed="0" covered="1"/><counter type="METHOD" missed="0" covered="1"/></method><method name="&lt;init&gt;" desc="([Ljavax/net/ssl/KeyManager;[Ljavax/net/ssl/TrustManager;Ljava/security/SecureRandom;Lorg/owasp/dependencycheck/utils/Settings;)V" line="84"><counter type="INSTRUCTION" missed="11" covered="0"/><counter type="LINE" missed="4" covered="0"/><counter type="COMPLEXITY" missed="1" covered="0"/><counter type="METHOD" missed="1" covered="0"/></method><method name="&lt;init&gt;" desc="(Ljavax/net/ssl/SSLContext;Lorg/owasp/dependencycheck/utils/Settings;)V" line="99"><counter type="INSTRUCTION" missed="9" covered="0"/><counter type="LINE" missed="4" covered="0"/><counter type="COMPLEXITY" missed="1" covered="0"/><counter type="METHOD" missed="1" covered="0"/></method><method name="getDefaultCipherSuites" desc="()[Ljava/lang/String;" line="111"><counter type="INSTRUCTION" missed="5" covered="0"/><counter type="LINE" missed="1" covered="0"/><counter type="COMPLEXITY" missed="1" covered="0"/><counter type="METHOD" missed="1" covered="0"/></method><method name="getSupportedCipherSuites" desc="()[Ljava/lang/String;" line="121"><counter type="INSTRUCTION" missed="5" covered="0"/><counter type="LINE" missed="1" covered="0"/><counter type="COMPLEXITY" missed="1" covered="0"/><counter type="METHOD" missed="1" covered="0"/></method><method name="getDefaultProtocols" desc="()[Ljava/lang/String;" line="130"><counter type="INSTRUCTION" missed="8" covered="0"/><counter type="LINE" missed="1" covered="0"/><counter type="COMPLEXITY" missed="1" covered="0"/><counter type="METHOD" missed="1" covered="0"/></method><method name="getSupportedProtocols" desc="()[Ljava/lang/String;" line="139"><counter type="INSTRUCTION" missed="8" covered="0"/><counter type="LINE" missed="1" covered="0"/><counter type="COMPLEXITY" missed="1" covered="0"/><counter type="METHOD" missed="1" covered="0"/></method><method name="createSocket" desc="(Ljava/net/Socket;Ljava/lang/String;IZ)Ljava/net/Socket;" line="149"><counter type="INSTRUCTION" missed="0" covered="18"/><counter type="LINE" missed="0" covered="4"/><counter type="COMPLEXITY" missed="0" covered="1"/><counter type="METHOD" missed="0" covered="1"/></method><method name="createSocket" desc="(Ljava/net/InetAddress;ILjava/net/InetAddress;I)Ljava/net/Socket;" line="164"><counter type="INSTRUCTION" missed="18" covered="0"/><counter type="LINE" missed="4" covered="0"/><counter type="COMPLEXITY" missed="1" covered="0"/><counter type="METHOD" missed="1" covered="0"/></method><method name="createSocket" desc="(Ljava/lang/String;ILjava/net/InetAddress;I)Ljava/net/Socket;" line="179"><counter type="INSTRUCTION" missed="18" covered="0"/><counter type="LINE" missed="4" covered="0"/><counter type="COMPLEXITY" missed="1" covered="0"/><counter type="METHOD" missed="1" covered="0"/></method><method name="createSocket" desc="(Ljava/net/InetAddress;I)Ljava/net/Socket;" line="194"><counter type="INSTRUCTION" missed="16" covered="0"/><counter type="LINE" missed="4" covered="0"/><counter type="COMPLEXITY" missed="1" covered="0"/><counter type="METHOD" missed="1" covered="0"/></method><method name="createSocket" desc="(Ljava/lang/String;I)Ljava/net/Socket;" line="209"><counter type="INSTRUCTION" missed="16" covered="0"/><counter type="LINE" missed="4" covered="0"/><counter type="COMPLEXITY" missed="1" covered="0"/><counter type="METHOD" missed="1" covered="0"/></method><method name="initSSLSocketFactoryEx" desc="([Ljavax/net/ssl/KeyManager;[Ljavax/net/ssl/TrustManager;Ljava/security/SecureRandom;)V" line="229"><counter type="INSTRUCTION" missed="0" covered="15"/><counter type="LINE" missed="0" covered="4"/><counter type="COMPLEXITY" missed="0" covered="1"/><counter type="METHOD" missed="0" covered="1"/></method><method name="initSSLSocketFactoryEx" desc="(Ljavax/net/ssl/SSLContext;)V" line="245"><counter type="INSTRUCTION" missed="8" covered="0"/><counter type="LINE" missed="3" covered="0"/><counter type="COMPLEXITY" missed="1" covered="0"/><counter type="METHOD" missed="1" covered="0"/></method><method name="getProtocolList" desc="()[Ljava/lang/String;" line="256"><counter type="INSTRUCTION" missed="53" covered="67"/><counter type="BRANCH" missed="6" covered="6"/><counter type="LINE" missed="9" covered="17"/><counter type="COMPLEXITY" missed="4" covered="3"/><counter type="METHOD" missed="0" covered="1"/></method><method name="&lt;clinit&gt;" desc="()V" line="37"><counter type="INSTRUCTION" missed="0" covered="6"/><counter type="LINE" missed="0" covered="2"/><counter type="COMPLEXITY" missed="0" covered="1"/><counter type="METHOD" missed="0" covered="1"/></method><counter type="INSTRUCTION" missed="175" covered="117"/><counter type="BRANCH" missed="6" covered="6"/><counter type="LINE" missed="40" covered="31"/><counter type="COMPLEXITY" missed="15" covered="7"/><counter type="METHOD" missed="11" covered="5"/><counter type="CLASS" missed="0" covered="1"/></class><class name="org/owasp/dependencycheck/utils/InvalidSettingException" sourcefilename="InvalidSettingException.java"><method name="&lt;init&gt;" desc="()V" line="39"><counter type="INSTRUCTION" missed="3" covered="0"/><counter type="LINE" missed="2" covered="0"/><counter type="COMPLEXITY" missed="1" covered="0"/><counter type="METHOD" missed="1" covered="0"/></method><method name="&lt;init&gt;" desc="(Ljava/lang/String;)V" line="48"><counter type="INSTRUCTION" missed="4" covered="0"/><counter type="LINE" missed="2" covered="0"/><counter type="COMPLEXITY" missed="1" covered="0"/><counter type="METHOD" missed="1" covered="0"/></method><method name="&lt;init&gt;" desc="(Ljava/lang/Throwable;)V" line="57"><counter type="INSTRUCTION" missed="4" covered="0"/><counter type="LINE" missed="2" covered="0"/><counter type="COMPLEXITY" missed="1" covered="0"/><counter type="METHOD" missed="1" covered="0"/></method><method name="&lt;init&gt;" desc="(Ljava/lang/String;Ljava/lang/Throwable;)V" line="67"><counter type="INSTRUCTION" missed="5" covered="0"/><counter type="LINE" missed="2" covered="0"/><counter type="COMPLEXITY" missed="1" covered="0"/><counter type="METHOD" missed="1" covered="0"/></method><counter type="INSTRUCTION" missed="16" covered="0"/><counter type="LINE" missed="8" covered="0"/><counter type="COMPLEXITY" missed="4" covered="0"/><counter type="METHOD" missed="4" covered="0"/><counter type="CLASS" missed="1" covered="0"/></class><class name="org/owasp/dependencycheck/utils/URLConnectionFactory$1" sourcefilename="URLConnectionFactory.java"><method name="&lt;init&gt;" desc="(Lorg/owasp/dependencycheck/utils/URLConnectionFactory;Ljava/lang/String;Ljava/lang/String;Ljava/lang/String;)V" line="90"><counter type="INSTRUCTION" missed="15" covered="0"/><counter type="LINE" missed="1" covered="0"/><counter type="COMPLEXITY" missed="1" covered="0"/><counter type="METHOD" missed="1" covered="0"/></method><method name="getPasswordAuthentication" desc="()Ljava/net/PasswordAuthentication;" line="93"><counter type="INSTRUCTION" missed="37" covered="0"/><counter type="BRANCH" missed="6" covered="0"/><counter type="LINE" missed="6" covered="0"/><counter type="COMPLEXITY" missed="4" covered="0"/><counter type="METHOD" missed="1" covered="0"/></method><counter type="INSTRUCTION" missed="52" covered="0"/><counter type="BRANCH" missed="6" covered="0"/><counter type="LINE" missed="7" covered="0"/><counter type="COMPLEXITY" missed="5" covered="0"/><counter type="METHOD" missed="2" covered="0"/><counter type="CLASS" missed="1" covered="0"/></class><class name="org/owasp/dependencycheck/utils/URLConnectionFailureException" sourcefilename="URLConnectionFailureException.java"><method name="&lt;init&gt;" desc="()V" line="39"><counter type="INSTRUCTION" missed="3" covered="0"/><counter type="LINE" missed="2" covered="0"/><counter type="COMPLEXITY" missed="1" covered="0"/><counter type="METHOD" missed="1" covered="0"/></method><method name="&lt;init&gt;" desc="(Ljava/lang/String;)V" line="48"><counter type="INSTRUCTION" missed="4" covered="0"/><counter type="LINE" missed="2" covered="0"/><counter type="COMPLEXITY" missed="1" covered="0"/><counter type="METHOD" missed="1" covered="0"/></method><method name="&lt;init&gt;" desc="(Ljava/lang/Throwable;)V" line="57"><counter type="INSTRUCTION" missed="4" covered="0"/><counter type="LINE" missed="2" covered="0"/><counter type="COMPLEXITY" missed="1" covered="0"/><counter type="METHOD" missed="1" covered="0"/></method><method name="&lt;init&gt;" desc="(Ljava/lang/String;Ljava/lang/Throwable;)V" line="67"><counter type="INSTRUCTION" missed="5" covered="0"/><counter type="LINE" missed="2" covered="0"/><counter type="COMPLEXITY" missed="1" covered="0"/><counter type="METHOD" missed="1" covered="0"/></method><counter type="INSTRUCTION" missed="16" covered="0"/><counter type="LINE" missed="8" covered="0"/><counter type="COMPLEXITY" missed="4" covered="0"/><counter type="METHOD" missed="4" covered="0"/><counter type="CLASS" missed="1" covered="0"/></class><class name="org/owasp/dependencycheck/utils/URLConnectionFactory" sourcefilename="URLConnectionFactory.java"><method name="&lt;init&gt;" desc="(Lorg/owasp/dependencycheck/utils/Settings;)V" line="62"><counter type="INSTRUCTION" missed="0" covered="6"/><counter type="LINE" missed="0" covered="3"/><counter type="COMPLEXITY" missed="0" covered="1"/><counter type="METHOD" missed="0" covered="1"/></method><method name="createHttpURLConnection" desc="(Ljava/net/URL;)Ljava/net/HttpURLConnection;" line="78"><counter type="INSTRUCTION" missed="64" covered="32"/><counter type="BRANCH" missed="9" covered="1"/><counter type="LINE" missed="15" covered="10"/><counter type="COMPLEXITY" missed="5" covered="1"/><counter type="METHOD" missed="0" covered="1"/></method><method name="matchNonProxy" desc="(Ljava/net/URL;)Z" line="138"><counter type="INSTRUCTION" missed="102" covered="0"/><counter type="BRANCH" missed="30" covered="0"/><counter type="LINE" missed="19" covered="0"/><counter type="COMPLEXITY" missed="16" covered="0"/><counter type="METHOD" missed="1" covered="0"/></method><method name="createHttpURLConnection" desc="(Ljava/net/URL;Z)Ljava/net/HttpURLConnection;" line="184"><counter type="INSTRUCTION" missed="7" covered="29"/><counter type="BRANCH" missed="0" covered="2"/><counter type="LINE" missed="2" covered="9"/><counter type="COMPLEXITY" missed="0" covered="2"/><counter type="METHOD" missed="0" covered="1"/></method><method name="configureTLS" desc="(Ljava/net/URL;Ljava/net/URLConnection;)V" line="209"><counter type="INSTRUCTION" missed="11" covered="19"/><counter type="BRANCH" missed="1" covered="1"/><counter type="LINE" missed="4" covered="6"/><counter type="COMPLEXITY" missed="1" covered="1"/><counter type="METHOD" missed="0" covered="1"/></method><method name="&lt;clinit&gt;" desc="()V" line="51"><counter type="INSTRUCTION" missed="0" covered="4"/><counter type="LINE" missed="0" covered="1"/><counter type="COMPLEXITY" missed="0" covered="1"/><counter type="METHOD" missed="0" covered="1"/></method><counter type="INSTRUCTION" missed="184" covered="90"/><counter type="BRANCH" missed="40" covered="4"/><counter type="LINE" missed="40" covered="29"/><counter type="COMPLEXITY" missed="22" covered="6"/><counter type="METHOD" missed="1" covered="5"/><counter type="CLASS" missed="0" covered="1"/></class><class name="org/owasp/dependencycheck/utils/Downloader" sourcefilename="Downloader.java"><method name="&lt;init&gt;" desc="(Lorg/owasp/dependencycheck/utils/Settings;)V" line="53"><counter type="INSTRUCTION" missed="0" covered="6"/><counter type="LINE" missed="0" covered="3"/><counter type="COMPLEXITY" missed="0" covered="1"/><counter type="METHOD" missed="0" covered="1"/></method><method name="fetchFile" desc="(Ljava/net/URL;Ljava/io/File;)V" line="66"><counter type="INSTRUCTION" missed="0" covered="6"/><counter type="LINE" missed="0" covered="2"/><counter type="COMPLEXITY" missed="0" covered="1"/><counter type="METHOD" missed="0" covered="1"/></method><method name="fetchFile" desc="(Ljava/net/URL;Ljava/io/File;Z)V" line="80"><counter type="INSTRUCTION" missed="22" covered="26"/><counter type="LINE" missed="3" covered="6"/><counter type="COMPLEXITY" missed="0" covered="1"/><counter type="METHOD" missed="0" covered="1"/></method><method name="fetchContent" desc="(Ljava/net/URL;Z)Ljava/lang/String;" line="101"><counter type="INSTRUCTION" missed="17" covered="29"/><counter type="LINE" missed="3" covered="5"/><counter type="COMPLEXITY" missed="0" covered="1"/><counter type="METHOD" missed="0" covered="1"/></method><method name="&lt;clinit&gt;" desc="()V" line="42"><counter type="INSTRUCTION" missed="0" covered="4"/><counter type="LINE" missed="0" covered="1"/><counter type="COMPLEXITY" missed="0" covered="1"/><counter type="METHOD" missed="0" covered="1"/></method><counter type="INSTRUCTION" missed="39" covered="71"/><counter type="LINE" missed="6" covered="17"/><counter type="COMPLEXITY" missed="0" covered="5"/><counter type="METHOD" missed="0" covered="5"/><counter type="CLASS" missed="0" covered="1"/></class><class name="org/owasp/dependencycheck/utils/ExtractionException" sourcefilename="ExtractionException.java"><method name="&lt;init&gt;" desc="()V" line="39"><counter type="INSTRUCTION" missed="3" covered="0"/><counter type="LINE" missed="2" covered="0"/><counter type="COMPLEXITY" missed="1" covered="0"/><counter type="METHOD" missed="1" covered="0"/></method><method name="&lt;init&gt;" desc="(Ljava/lang/String;)V" line="48"><counter type="INSTRUCTION" missed="4" covered="0"/><counter type="LINE" missed="2" covered="0"/><counter type="COMPLEXITY" missed="1" covered="0"/><counter type="METHOD" missed="1" covered="0"/></method><method name="&lt;init&gt;" desc="(Ljava/lang/Throwable;)V" line="57"><counter type="INSTRUCTION" missed="4" covered="0"/><counter type="LINE" missed="2" covered="0"/><counter type="COMPLEXITY" missed="1" covered="0"/><counter type="METHOD" missed="1" covered="0"/></method><method name="&lt;init&gt;" desc="(Ljava/lang/String;Ljava/lang/Throwable;)V" line="67"><counter type="INSTRUCTION" missed="5" covered="0"/><counter type="LINE" missed="2" covered="0"/><counter type="COMPLEXITY" missed="1" covered="0"/><counter type="METHOD" missed="1" covered="0"/></method><counter type="INSTRUCTION" missed="16" covered="0"/><counter type="LINE" missed="8" covered="0"/><counter type="COMPLEXITY" missed="4" covered="0"/><counter type="METHOD" missed="4" covered="0"/><counter type="CLASS" missed="1" covered="0"/></class><class name="org/owasp/dependencycheck/utils/DownloadFailedException" sourcefilename="DownloadFailedException.java"><method name="&lt;init&gt;" desc="()V" line="39"><counter type="INSTRUCTION" missed="3" covered="0"/><counter type="LINE" missed="2" covered="0"/><counter type="COMPLEXITY" missed="1" covered="0"/><counter type="METHOD" missed="1" covered="0"/></method><method name="&lt;init&gt;" desc="(Ljava/lang/String;)V" line="48"><counter type="INSTRUCTION" missed="4" covered="0"/><counter type="LINE" missed="2" covered="0"/><counter type="COMPLEXITY" missed="1" covered="0"/><counter type="METHOD" missed="1" covered="0"/></method><method name="&lt;init&gt;" desc="(Ljava/lang/Throwable;)V" line="57"><counter type="INSTRUCTION" missed="4" covered="0"/><counter type="LINE" missed="2" covered="0"/><counter type="COMPLEXITY" missed="1" covered="0"/><counter type="METHOD" missed="1" covered="0"/></method><method name="&lt;init&gt;" desc="(Ljava/lang/String;Ljava/lang/Throwable;)V" line="67"><counter type="INSTRUCTION" missed="5" covered="0"/><counter type="LINE" missed="2" covered="0"/><counter type="COMPLEXITY" missed="1" covered="0"/><counter type="METHOD" missed="1" covered="0"/></method><counter type="INSTRUCTION" missed="16" covered="0"/><counter type="LINE" missed="8" covered="0"/><counter type="COMPLEXITY" missed="4" covered="0"/><counter type="METHOD" missed="4" covered="0"/><counter type="CLASS" missed="1" covered="0"/></class><class name="org/owasp/dependencycheck/utils/XmlUtils" sourcefilename="XmlUtils.java"><method name="buildSecureSaxParser" desc="([Ljava/io/InputStream;)Ljavax/xml/parsers/SAXParser;" line="80"><counter type="INSTRUCTION" missed="0" covered="45"/><counter type="LINE" missed="0" covered="13"/><counter type="COMPLEXITY" missed="0" covered="1"/><counter type="METHOD" missed="0" covered="1"/></method><method name="parseBoolean" desc="(Ljava/lang/String;)Z" line="108"><counter type="INSTRUCTION" missed="14" covered="16"/><counter type="BRANCH" missed="1" covered="2"/><counter type="LINE" missed="1" covered="6"/><counter type="COMPLEXITY" missed="1" covered="2"/><counter type="METHOD" missed="0" covered="1"/></method><method name="buildSecureSaxParser" desc="()Ljavax/xml/parsers/SAXParser;" line="138"><counter type="INSTRUCTION" missed="0" covered="17"/><counter type="LINE" missed="0" covered="5"/><counter type="COMPLEXITY" missed="0" covered="1"/><counter type="METHOD" missed="0" covered="1"/></method><method name="buildSecureDocumentBuilder" desc="()Ljavax/xml/parsers/DocumentBuilder;" line="153"><counter type="INSTRUCTION" missed="0" covered="17"/><counter type="LINE" missed="0" covered="5"/><counter type="COMPLEXITY" missed="0" covered="1"/><counter type="METHOD" missed="0" covered="1"/></method><method name="getPrettyParseExceptionInfo" desc="(Lorg/xml/sax/SAXParseException;)Ljava/lang/String;" line="168"><counter type="INSTRUCTION" missed="58" covered="0"/><counter type="BRANCH" missed="8" covered="0"/><counter type="LINE" missed="11" covered="0"/><counter type="COMPLEXITY" missed="5" covered="0"/><counter type="METHOD" missed="1" covered="0"/></method><counter type="INSTRUCTION" missed="72" covered="95"/><counter type="BRANCH" missed="9" covered="2"/><counter type="LINE" missed="12" covered="29"/><counter type="COMPLEXITY" missed="6" covered="5"/><counter type="METHOD" missed="1" covered="4"/><counter type="CLASS" missed="0" covered="1"/></class><class name="org/owasp/dependencycheck/utils/Checksum" sourcefilename="Checksum.java"><method name="getChecksum" desc="(Ljava/lang/String;Ljava/io/File;)[B" line="82"><counter type="INSTRUCTION" missed="0" covered="55"/><counter type="BRANCH" missed="1" covered="3"/><counter type="LINE" missed="0" covered="14"/><counter type="COMPLEXITY" missed="1" covered="2"/><counter type="METHOD" missed="0" covered="1"/></method><method name="getMD5Checksum" desc="(Ljava/io/File;)Ljava/lang/String;" line="108"><counter type="INSTRUCTION" missed="0" covered="7"/><counter type="LINE" missed="0" covered="2"/><counter type="COMPLEXITY" missed="0" covered="1"/><counter type="METHOD" missed="0" covered="1"/></method><method name="getSHA1Checksum" desc="(Ljava/io/File;)Ljava/lang/String;" line="121"><counter type="INSTRUCTION" missed="0" covered="7"/><counter type="LINE" missed="0" covered="2"/><counter type="COMPLEXITY" missed="0" covered="1"/><counter type="METHOD" missed="0" covered="1"/></method><method name="getSHA256Checksum" desc="(Ljava/io/File;)Ljava/lang/String;" line="134"><counter type="INSTRUCTION" missed="0" covered="7"/><counter type="LINE" missed="0" covered="2"/><counter type="COMPLEXITY" missed="0" covered="1"/><counter type="METHOD" missed="0" covered="1"/></method><method name="getChecksum" desc="(Ljava/lang/String;[B)Ljava/lang/String;" line="147"><counter type="INSTRUCTION" missed="0" covered="10"/><counter type="LINE" missed="0" covered="3"/><counter type="COMPLEXITY" missed="0" covered="1"/><counter type="METHOD" missed="0" covered="1"/></method><method name="getMD5Checksum" desc="(Ljava/lang/String;)Ljava/lang/String;" line="159"><counter type="INSTRUCTION" missed="0" covered="7"/><counter type="LINE" missed="0" covered="2"/><counter type="COMPLEXITY" missed="0" covered="1"/><counter type="METHOD" missed="0" covered="1"/></method><method name="getSHA1Checksum" desc="(Ljava/lang/String;)Ljava/lang/String;" line="170"><counter type="INSTRUCTION" missed="0" covered="7"/><counter type="LINE" missed="0" covered="2"/><counter type="COMPLEXITY" missed="0" covered="1"/><counter type="METHOD" missed="0" covered="1"/></method><method name="getSHA256Checksum" desc="(Ljava/lang/String;)Ljava/lang/String;" line="181"><counter type="INSTRUCTION" missed="0" covered="7"/><counter type="LINE" missed="0" covered="2"/><counter type="COMPLEXITY" missed="0" covered="1"/><counter type="METHOD" missed="0" covered="1"/></method><method name="stringToBytes" desc="(Ljava/lang/String;)[B" line="194"><counter type="INSTRUCTION" missed="5" covered="9"/><counter type="LINE" missed="2" covered="3"/><counter type="COMPLEXITY" missed="0" covered="1"/><counter type="METHOD" missed="0" covered="1"/></method><method name="getHex" desc="([B)Ljava/lang/String;" line="213"><counter type="INSTRUCTION" missed="2" covered="45"/><counter type="BRANCH" missed="1" covered="3"/><counter type="LINE" missed="1" covered="5"/><counter type="COMPLEXITY" missed="1" covered="2"/><counter type="METHOD" missed="0" covered="1"/></method><method name="getMessageDigest" desc="(Ljava/lang/String;)Ljava/security/MessageDigest;" line="231"><counter type="INSTRUCTION" missed="20" covered="3"/><counter type="LINE" missed="4" covered="1"/><counter type="COMPLEXITY" missed="0" covered="1"/><counter type="METHOD" missed="0" covered="1"/></method><method name="&lt;clinit&gt;" desc="()V" line="49"><counter type="INSTRUCTION" missed="0" covered="4"/><counter type="LINE" missed="0" covered="1"/><counter type="COMPLEXITY" missed="0" covered="1"/><counter type="METHOD" missed="0" covered="1"/></method><counter type="INSTRUCTION" missed="27" covered="168"/><counter type="BRANCH" missed="2" covered="6"/><counter type="LINE" missed="7" covered="39"/><counter type="COMPLEXITY" missed="2" covered="14"/><counter type="METHOD" missed="0" covered="12"/><counter type="CLASS" missed="0" covered="1"/></class><sourcefile name="ExpectedObjectInputStream.java"><line nr="41" mi="5" ci="0" mb="0" cb="0"/><line nr="52" mi="3" ci="0" mb="0" cb="0"/><line nr="53" mi="6" ci="0" mb="0" cb="0"/><line nr="54" mi="1" ci="0" mb="0" cb="0"/><line nr="63" mi="6" ci="0" mb="2" cb="0"/><line nr="64" mi="7" ci="0" mb="0" cb="0"/><line nr="66" mi="4" ci="0" mb="0" cb="0"/><counter type="INSTRUCTION" missed="32" covered="0"/><counter type="BRANCH" missed="2" covered="0"/><counter type="LINE" missed="7" covered="0"/><counter type="COMPLEXITY" missed="3" covered="0"/><counter type="METHOD" missed="2" covered="0"/><counter type="CLASS" missed="1" covered="0"/></sourcefile><sourcefile name="FileUtils.java"><line nr="48" mi="0" ci="4" mb="0" cb="0"/><line nr="74" mi="0" ci="3" mb="0" cb="0"/><line nr="75" mi="1" ci="12" mb="1" cb="1"/><line nr="86" mi="0" ci="2" mb="1" cb="1"/><line nr="87" mi="3" ci="0" mb="0" cb="0"/><line nr="88" mi="2" ci="0" mb="0" cb="0"/><line nr="91" mi="0" ci="3" mb="0" cb="0"/><line nr="92" mi="0" ci="2" mb="1" cb="1"/><line nr="93" mi="5" ci="0" mb="0" cb="0"/><line nr="94" mi="2" ci="0" mb="0" cb="0"/><line nr="96" mi="0" ci="2" mb="0" cb="0"/><line nr="109" mi="0" ci="14" mb="0" cb="0"/><line nr="110" mi="0" ci="3" mb="1" cb="1"/><line nr="111" mi="3" ci="0" mb="0" cb="0"/><line nr="113" mi="0" ci="3" mb="1" cb="1"/><line nr="114" mi="15" ci="0" mb="0" cb="0"/><line nr="116" mi="0" ci="5" mb="0" cb="0"/><line nr="117" mi="0" ci="2" mb="0" cb="0"/><line nr="128" mi="2" ci="4" mb="1" cb="1"/><line nr="138" mi="0" ci="3" mb="0" cb="2"/><line nr="140" mi="0" ci="2" mb="0" cb="0"/><line nr="141" mi="1" ci="0" mb="0" cb="0"/><line nr="142" mi="4" ci="0" mb="0" cb="0"/><line nr="143" mi="0" ci="1" mb="0" cb="0"/><line nr="145" mi="0" ci="1" mb="0" cb="0"/><line nr="155" mi="0" ci="3" mb="0" cb="0"/><line nr="156" mi="0" ci="2" mb="1" cb="1"/><line nr="157" mi="0" ci="4" mb="0" cb="0"/><line nr="158" mi="2" ci="1" mb="0" cb="0"/><line nr="160" mi="0" ci="2" mb="1" cb="1"/><line nr="162" mi="5" ci="0" mb="0" cb="0"/><line nr="163" mi="1" ci="0" mb="0" cb="0"/><line nr="164" mi="11" ci="0" mb="0" cb="0"/><line nr="167" mi="0" ci="2" mb="0" cb="0"/><line nr="178" mi="3" ci="0" mb="0" cb="0"/><line nr="179" mi="2" ci="0" mb="2" cb="0"/><line nr="180" mi="5" ci="0" mb="0" cb="0"/><line nr="181" mi="4" ci="0" mb="0" cb="0"/><line nr="183" mi="2" ci="0" mb="2" cb="0"/><line nr="184" mi="5" ci="0" mb="0" cb="0"/><line nr="186" mi="5" ci="0" mb="0" cb="0"/><counter type="INSTRUCTION" missed="83" covered="80"/><counter type="BRANCH" missed="12" covered="10"/><counter type="LINE" missed="18" covered="23"/><counter type="COMPLEXITY" missed="11" covered="8"/><counter type="METHOD" missed="1" covered="7"/><counter type="CLASS" missed="0" covered="1"/></sourcefile><sourcefile name="SSLSocketFactoryEx.java"><line nr="37" mi="0" ci="3" mb="0" cb="0"/><line nr="55" mi="0" ci="3" mb="0" cb="0"/><line nr="66" mi="0" ci="2" mb="0" cb="0"/><line nr="67" mi="0" ci="3" mb="0" cb="0"/><line nr="68" mi="0" ci="5" mb="0" cb="0"/><line nr="69" mi="0" ci="1" mb="0" cb="0"/><line nr="84" mi="2" ci="0" mb="0" cb="0"/><line nr="85" mi="3" ci="0" mb="0" cb="0"/><line nr="86" mi="5" ci="0" mb="0" cb="0"/><line nr="87" mi="1" ci="0" mb="0" cb="0"/><line nr="99" mi="2" ci="0" mb="0" cb="0"/><line nr="100" mi="3" ci="0" mb="0" cb="0"/><line nr="101" mi="3" ci="0" mb="0" cb="0"/><line nr="102" mi="1" ci="0" mb="0" cb="0"/><line nr="111" mi="5" ci="0" mb="0" cb="0"/><line nr="121" mi="5" ci="0" mb="0" cb="0"/><line nr="130" mi="8" ci="0" mb="0" cb="0"/><line nr="139" mi="8" ci="0" mb="0" cb="0"/><line nr="149" mi="0" ci="4" mb="0" cb="0"/><line nr="150" mi="0" ci="8" mb="0" cb="0"/><line nr="152" mi="0" ci="4" mb="0" cb="0"/><line nr="154" mi="0" ci="2" mb="0" cb="0"/><line nr="164" mi="4" ci="0" mb="0" cb="0"/><line nr="165" mi="8" ci="0" mb="0" cb="0"/><line nr="167" mi="4" ci="0" mb="0" cb="0"/><line nr="169" mi="2" ci="0" mb="0" cb="0"/><line nr="179" mi="4" ci="0" mb="0" cb="0"/><line nr="180" mi="8" ci="0" mb="0" cb="0"/><line nr="182" mi="4" ci="0" mb="0" cb="0"/><line nr="184" mi="2" ci="0" mb="0" cb="0"/><line nr="194" mi="4" ci="0" mb="0" cb="0"/><line nr="195" mi="6" ci="0" mb="0" cb="0"/><line nr="197" mi="4" ci="0" mb="0" cb="0"/><line nr="199" mi="2" ci="0" mb="0" cb="0"/><line nr="209" mi="4" ci="0" mb="0" cb="0"/><line nr="210" mi="6" ci="0" mb="0" cb="0"/><line nr="212" mi="4" ci="0" mb="0" cb="0"/><line nr="214" mi="2" ci="0" mb="0" cb="0"/><line nr="229" mi="0" ci="4" mb="0" cb="0"/><line nr="230" mi="0" ci="6" mb="0" cb="0"/><line nr="232" mi="0" ci="4" mb="0" cb="0"/><line nr="233" mi="0" ci="1" mb="0" cb="0"/><line nr="245" mi="3" ci="0" mb="0" cb="0"/><line nr="246" mi="4" ci="0" mb="0" cb="0"/><line nr="247" mi="1" ci="0" mb="0" cb="0"/><line nr="256" mi="0" ci="2" mb="0" cb="0"/><line nr="258" mi="0" ci="6" mb="0" cb="0"/><line nr="261" mi="0" ci="2" mb="0" cb="0"/><line nr="263" mi="0" ci="4" mb="0" cb="0"/><line nr="264" mi="0" ci="4" mb="0" cb="0"/><line nr="266" mi="0" ci="3" mb="0" cb="0"/><line nr="267" mi="0" ci="2" mb="0" cb="0"/><line nr="268" mi="2" ci="3" mb="3" cb="1"/><line nr="269" mi="2" ci="0" mb="0" cb="0"/><line nr="270" mi="3" ci="0" mb="0" cb="0"/><line nr="271" mi="16" ci="0" mb="2" cb="0"/><line nr="272" mi="3" ci="0" mb="0" cb="0"/><line nr="275" mi="1" ci="0" mb="0" cb="0"/><line nr="276" mi="4" ci="0" mb="0" cb="0"/><line nr="277" mi="17" ci="0" mb="0" cb="0"/><line nr="279" mi="0" ci="2" mb="1" cb="1"/><line nr="281" mi="0" ci="2" mb="0" cb="0"/><line nr="282" mi="1" ci="0" mb="0" cb="0"/><line nr="283" mi="4" ci="0" mb="0" cb="0"/><line nr="284" mi="0" ci="1" mb="0" cb="0"/><line nr="288" mi="0" ci="4" mb="0" cb="0"/><line nr="289" mi="0" ci="16" mb="0" cb="2"/><line nr="290" mi="0" ci="4" mb="0" cb="0"/><line nr="291" mi="0" ci="2" mb="0" cb="2"/><line nr="292" mi="0" ci="4" mb="0" cb="0"/><line nr="296" mi="0" ci="6" mb="0" cb="0"/><counter type="INSTRUCTION" missed="175" covered="117"/><counter type="BRANCH" missed="6" covered="6"/><counter type="LINE" missed="40" covered="31"/><counter type="COMPLEXITY" missed="15" covered="7"/><counter type="METHOD" missed="11" covered="5"/><counter type="CLASS" missed="0" covered="1"/></sourcefile><sourcefile name="DownloadFailedException.java"><line nr="39" mi="2" ci="0" mb="0" cb="0"/><line nr="40" mi="1" ci="0" mb="0" cb="0"/><line nr="48" mi="3" ci="0" mb="0" cb="0"/><line nr="49" mi="1" ci="0" mb="0" cb="0"/><line nr="57" mi="3" ci="0" mb="0" cb="0"/><line nr="58" mi="1" ci="0" mb="0" cb="0"/><line nr="67" mi="4" ci="0" mb="0" cb="0"/><line nr="68" mi="1" ci="0" mb="0" cb="0"/><counter type="INSTRUCTION" missed="16" covered="0"/><counter type="LINE" missed="8" covered="0"/><counter type="COMPLEXITY" missed="4" covered="0"/><counter type="METHOD" missed="4" covered="0"/><counter type="CLASS" missed="1" covered="0"/></sourcefile><sourcefile name="Downloader.java"><line nr="42" mi="0" ci="4" mb="0" cb="0"/><line nr="53" mi="0" ci="2" mb="0" cb="0"/><line nr="54" mi="0" ci="3" mb="0" cb="0"/><line nr="55" mi="0" ci="1" mb="0" cb="0"/><line nr="66" mi="0" ci="5" mb="0" cb="0"/><line nr="67" mi="0" ci="1" mb="0" cb="0"/><line nr="80" mi="0" ci="11" mb="0" cb="0"/><line nr="81" mi="0" ci="5" mb="0" cb="0"/><line nr="82" mi="0" ci="4" mb="0" cb="0"/><line nr="83" mi="0" ci="4" mb="0" cb="0"/><line nr="84" mi="1" ci="0" mb="0" cb="0"/><line nr="85" mi="15" ci="0" mb="0" cb="0"/><line nr="86" mi="6" ci="0" mb="0" cb="0"/><line nr="87" mi="0" ci="1" mb="0" cb="0"/><line nr="88" mi="0" ci="1" mb="0" cb="0"/><line nr="101" mi="0" ci="11" mb="0" cb="0"/><line nr="102" mi="0" ci="4" mb="0" cb="0"/><line nr="103" mi="0" ci="4" mb="0" cb="0"/><line nr="104" mi="0" ci="4" mb="0" cb="0"/><line nr="105" mi="0" ci="6" mb="0" cb="0"/><line nr="106" mi="1" ci="0" mb="0" cb="0"/><line nr="107" mi="10" ci="0" mb="0" cb="0"/><line nr="108" mi="6" ci="0" mb="0" cb="0"/><counter type="INSTRUCTION" missed="39" covered="71"/><counter type="LINE" missed="6" covered="17"/><counter type="COMPLEXITY" missed="0" covered="5"/><counter type="METHOD" missed="0" covered="5"/><counter type="CLASS" missed="0" covered="1"/></sourcefile><sourcefile name="InvalidSettingException.java"><line nr="39" mi="2" ci="0" mb="0" cb="0"/><line nr="40" mi="1" ci="0" mb="0" cb="0"/><line nr="48" mi="3" ci="0" mb="0" cb="0"/><line nr="49" mi="1" ci="0" mb="0" cb="0"/><line nr="57" mi="3" ci="0" mb="0" cb="0"/><line nr="58" mi="1" ci="0" mb="0" cb="0"/><line nr="67" mi="4" ci="0" mb="0" cb="0"/><line nr="68" mi="1" ci="0" mb="0" cb="0"/><counter type="INSTRUCTION" missed="16" covered="0"/><counter type="LINE" missed="8" covered="0"/><counter type="COMPLEXITY" missed="4" covered="0"/><counter type="METHOD" missed="4" covered="0"/><counter type="CLASS" missed="1" covered="0"/></sourcefile><sourcefile name="Settings.java"><line nr="55" mi="0" ci="4" mb="0" cb="0"/><line nr="67" mi="6" ci="3" mb="0" cb="0"/><line nr="73" mi="6" ci="3" mb="0" cb="0"/><line nr="584" mi="0" ci="2" mb="0" cb="0"/><line nr="585" mi="0" ci="3" mb="0" cb="0"/><line nr="586" mi="0" ci="1" mb="0" cb="0"/><line nr="594" mi="2" ci="0" mb="0" cb="0"/><line nr="595" mi="3" ci="0" mb="0" cb="0"/><line nr="596" mi="5" ci="0" mb="0" cb="0"/><line nr="597" mi="1" ci="0" mb="0" cb="0"/><line nr="604" mi="2" ci="0" mb="0" cb="0"/><line nr="605" mi="3" ci="0" mb="0" cb="0"/><line nr="606" mi="1" ci="0" mb="0" cb="0"/><line nr="614" mi="0" ci="5" mb="0" cb="0"/><line nr="615" mi="0" ci="5" mb="0" cb="0"/><line nr="616" mi="0" ci="4" mb="0" cb="0"/><line nr="617" mi="1" ci="0" mb="0" cb="0"/><line nr="618" mi="4" ci="0" mb="0" cb="0"/><line nr="619" mi="4" ci="0" mb="0" cb="0"/><line nr="620" mi="1" ci="0" mb="0" cb="0"/><line nr="621" mi="4" ci="0" mb="0" cb="0"/><line nr="622" mi="4" ci="0" mb="0" cb="0"/><line nr="623" mi="1" ci="1" mb="0" cb="0"/><line nr="624" mi="0" ci="5" mb="0" cb="0"/><line nr="625" mi="0" ci="1" mb="0" cb="0"/><line nr="631" mi="3" ci="0" mb="0" cb="0"/><line nr="632" mi="1" ci="0" mb="0" cb="0"/><line nr="641" mi="0" ci="9" mb="1" cb="5"/><line nr="642" mi="0" ci="6" mb="0" cb="0"/><line nr="643" mi="0" ci="4" mb="0" cb="0"/><line nr="644" mi="0" ci="3" mb="0" cb="0"/><line nr="646" mi="0" ci="1" mb="0" cb="0"/><line nr="656" mi="0" ci="3" mb="1" cb="1"/><line nr="657" mi="4" ci="0" mb="0" cb="0"/><line nr="658" mi="7" ci="0" mb="0" cb="0"/><line nr="659" mi="10" ci="0" mb="0" cb="0"/><line nr="660" mi="3" ci="0" mb="0" cb="0"/><line nr="661" mi="3" ci="0" mb="2" cb="0"/><line nr="662" mi="4" ci="0" mb="0" cb="0"/><line nr="663" mi="4" ci="0" mb="2" cb="0"/><line nr="664" mi="11" ci="0" mb="0" cb="0"/><line nr="666" mi="4" ci="0" mb="0" cb="0"/><line nr="667" mi="2" ci="0" mb="2" cb="0"/><line nr="668" mi="14" ci="0" mb="0" cb="0"/><line nr="671" mi="1" ci="0" mb="0" cb="0"/><line nr="672" mi="2" ci="0" mb="0" cb="0"/><line nr="673" mi="4" ci="0" mb="0" cb="0"/><line nr="677" mi="0" ci="1" mb="0" cb="0"/><line nr="686" mi="0" ci="6" mb="0" cb="0"/><line nr="687" mi="0" ci="5" mb="0" cb="0"/><line nr="688" mi="0" ci="1" mb="0" cb="0"/><line nr="697" mi="3" ci="0" mb="2" cb="0"/><line nr="698" mi="4" ci="0" mb="0" cb="0"/><line nr="700" mi="1" ci="0" mb="0" cb="0"/><line nr="709" mi="3" ci="3" mb="3" cb="1"/><line nr="710" mi="4" ci="0" mb="0" cb="0"/><line nr="712" mi="0" ci="1" mb="0" cb="0"/><line nr="721" mi="6" ci="0" mb="4" cb="0"/><line nr="722" mi="8" ci="0" mb="0" cb="0"/><line nr="724" mi="1" ci="0" mb="0" cb="0"/><line nr="733" mi="6" ci="0" mb="4" cb="0"/><line nr="734" mi="8" ci="0" mb="0" cb="0"/><line nr="736" mi="1" ci="0" mb="0" cb="0"/><line nr="745" mi="0" ci="5" mb="0" cb="0"/><line nr="746" mi="0" ci="1" mb="0" cb="0"/><line nr="755" mi="3" ci="0" mb="2" cb="0"/><line nr="756" mi="5" ci="0" mb="0" cb="0"/><line nr="758" mi="1" ci="0" mb="0" cb="0"/><line nr="767" mi="5" ci="0" mb="0" cb="0"/><line nr="768" mi="1" ci="0" mb="0" cb="0"/><line nr="777" mi="7" ci="0" mb="0" cb="0"/><line nr="778" mi="6" ci="0" mb="0" cb="0"/><line nr="779" mi="1" ci="0" mb="0" cb="0"/><line nr="788" mi="3" ci="0" mb="2" cb="0"/><line nr="789" mi="5" ci="0" mb="0" cb="0"/><line nr="791" mi="1" ci="0" mb="0" cb="0"/><line nr="807" mi="7" ci="0" mb="0" cb="0"/><line nr="808" mi="3" ci="0" mb="0" cb="0"/><line nr="810" mi="1" ci="0" mb="0" cb="0"/><line nr="826" mi="7" ci="0" mb="0" cb="0"/><line nr="827" mi="3" ci="0" mb="0" cb="0"/><line nr="829" mi="1" ci="0" mb="0" cb="0"/><line nr="842" mi="4" ci="0" mb="0" cb="0"/><line nr="843" mi="5" ci="0" mb="0" cb="0"/><line nr="844" mi="1" ci="0" mb="0" cb="0"/><line nr="857" mi="4" ci="0" mb="0" cb="0"/><line nr="858" mi="2" ci="0" mb="2" cb="0"/><line nr="859" mi="2" ci="0" mb="0" cb="0"/><line nr="861" mi="5" ci="0" mb="0" cb="0"/><line nr="879" mi="0" ci="4" mb="0" cb="0"/><line nr="880" mi="0" ci="4" mb="0" cb="0"/><line nr="881" mi="0" ci="2" mb="1" cb="1"/><line nr="882" mi="2" ci="0" mb="0" cb="0"/><line nr="884" mi="0" ci="4" mb="1" cb="1"/><line nr="885" mi="3" ci="0" mb="0" cb="0"/><line nr="886" mi="3" ci="0" mb="0" cb="0"/><line nr="887" mi="5" ci="0" mb="0" cb="0"/><line nr="888" mi="8" ci="0" mb="0" cb="0"/><line nr="889" mi="5" ci="0" mb="0" cb="0"/><line nr="890" mi="2" ci="0" mb="0" cb="0"/><line nr="892" mi="0" ci="5" mb="0" cb="0"/><line nr="902" mi="2" ci="0" mb="0" cb="0"/><line nr="903" mi="2" ci="0" mb="0" cb="0"/><line nr="904" mi="3" ci="0" mb="0" cb="0"/><line nr="905" mi="9" ci="0" mb="6" cb="0"/><line nr="906" mi="6" ci="0" mb="0" cb="0"/><line nr="909" mi="5" ci="0" mb="0" cb="0"/><line nr="910" mi="1" ci="0" mb="0" cb="0"/><line nr="911" mi="4" ci="0" mb="0" cb="0"/><line nr="912" mi="1" ci="0" mb="0" cb="0"/><line nr="914" mi="5" ci="0" mb="0" cb="0"/><line nr="915" mi="6" ci="0" mb="2" cb="0"/><line nr="916" mi="3" ci="0" mb="0" cb="0"/><line nr="918" mi="5" ci="0" mb="0" cb="0"/><line nr="933" mi="0" ci="8" mb="0" cb="0"/><line nr="943" mi="0" ci="3" mb="0" cb="2"/><line nr="944" mi="0" ci="9" mb="0" cb="0"/><line nr="945" mi="0" ci="4" mb="0" cb="0"/><line nr="947" mi="0" ci="3" mb="0" cb="0"/><line nr="960" mi="0" ci="7" mb="0" cb="0"/><line nr="973" mi="0" ci="4" mb="0" cb="0"/><line nr="974" mi="0" ci="2" mb="0" cb="2"/><line nr="975" mi="0" ci="10" mb="2" cb="2"/><line nr="976" mi="8" ci="0" mb="0" cb="0"/><line nr="978" mi="0" ci="4" mb="0" cb="0"/><line nr="981" mi="0" ci="2" mb="0" cb="0"/><line nr="991" mi="5" ci="0" mb="0" cb="0"/><line nr="992" mi="1" ci="0" mb="0" cb="0"/><line nr="1007" mi="0" ci="5" mb="0" cb="0"/><line nr="1008" mi="1" ci="0" mb="0" cb="0"/><line nr="1009" mi="15" ci="0" mb="0" cb="0"/><line nr="1027" mi="0" ci="5" mb="0" cb="0"/><line nr="1028" mi="0" ci="1" mb="0" cb="0"/><line nr="1029" mi="0" ci="6" mb="1" cb="1"/><line nr="1030" mi="20" ci="0" mb="0" cb="0"/><line nr="1032" mi="0" ci="2" mb="0" cb="0"/><line nr="1033" mi="0" ci="1" mb="0" cb="0"/><line nr="1034" mi="0" ci="2" mb="0" cb="0"/><line nr="1050" mi="5" ci="0" mb="0" cb="0"/><line nr="1051" mi="1" ci="0" mb="0" cb="0"/><line nr="1052" mi="15" ci="0" mb="0" cb="0"/><line nr="1069" mi="0" ci="5" mb="0" cb="0"/><line nr="1085" mi="0" ci="7" mb="0" cb="0"/><line nr="1101" mi="0" ci="2" mb="0" cb="0"/><line nr="1103" mi="5" ci="0" mb="0" cb="0"/><line nr="1104" mi="0" ci="1" mb="0" cb="0"/><line nr="1105" mi="0" ci="4" mb="0" cb="0"/><line nr="1106" mi="1" ci="0" mb="0" cb="0"/><line nr="1107" mi="0" ci="2" mb="0" cb="0"/><line nr="1125" mi="0" ci="4" mb="0" cb="0"/><line nr="1126" mi="0" ci="2" mb="1" cb="1"/><line nr="1127" mi="9" ci="0" mb="0" cb="0"/><line nr="1128" mi="5" ci="0" mb="0" cb="0"/><line nr="1130" mi="0" ci="4" mb="1" cb="1"/><line nr="1131" mi="0" ci="3" mb="0" cb="0"/><line nr="1132" mi="0" ci="4" mb="0" cb="0"/><line nr="1133" mi="0" ci="2" mb="0" cb="0"/><line nr="1134" mi="0" ci="2" mb="1" cb="1"/><line nr="1135" mi="0" ci="4" mb="0" cb="0"/><line nr="1137" mi="0" ci="2" mb="1" cb="1"/><line nr="1138" mi="9" ci="0" mb="0" cb="0"/><line nr="1140" mi="5" ci="0" mb="0" cb="0"/><line nr="1142" mi="0" ci="8" mb="2" cb="2"/><line nr="1143" mi="0" ci="8" mb="0" cb="0"/><line nr="1146" mi="0" ci="6" mb="0" cb="0"/><line nr="1147" mi="0" ci="10" mb="0" cb="0"/><line nr="1148" mi="0" ci="4" mb="0" cb="0"/><line nr="1149" mi="0" ci="2" mb="0" cb="0"/><line nr="1151" mi="2" ci="0" mb="0" cb="0"/><line nr="1163" mi="0" ci="4" mb="0" cb="0"/><line nr="1164" mi="3" ci="5" mb="4" cb="2"/><line nr="1165" mi="0" ci="2" mb="0" cb="0"/><line nr="1167" mi="10" ci="0" mb="0" cb="0"/><line nr="1168" mi="7" ci="0" mb="2" cb="0"/><line nr="1180" mi="0" ci="4" mb="0" cb="0"/><line nr="1182" mi="0" ci="5" mb="1" cb="3"/><line nr="1183" mi="0" ci="5" mb="0" cb="0"/><line nr="1185" mi="0" ci="4" mb="0" cb="0"/><line nr="1187" mi="3" ci="5" mb="4" cb="2"/><line nr="1188" mi="0" ci="2" mb="0" cb="0"/><line nr="1190" mi="10" ci="0" mb="0" cb="0"/><line nr="1191" mi="7" ci="0" mb="2" cb="0"/><line nr="1203" mi="3" ci="0" mb="0" cb="0"/><line nr="1204" mi="18" ci="0" mb="0" cb="0"/><line nr="1205" mi="6" ci="0" mb="0" cb="0"/><line nr="1206" mi="3" ci="0" mb="2" cb="0"/><line nr="1207" mi="5" ci="0" mb="0" cb="0"/><line nr="1209" mi="2" ci="0" mb="0" cb="0"/><counter type="INSTRUCTION" missed="517" covered="305"/><counter type="BRANCH" missed="61" covered="29"/><counter type="LINE" missed="109" covered="79"/><counter type="COMPLEXITY" missed="58" covered="26"/><counter type="METHOD" missed="18" covered="21"/><counter type="CLASS" missed="0" covered="1"/></sourcefile><sourcefile name="ExtractionException.java"><line nr="39" mi="2" ci="0" mb="0" cb="0"/><line nr="40" mi="1" ci="0" mb="0" cb="0"/><line nr="48" mi="3" ci="0" mb="0" cb="0"/><line nr="49" mi="1" ci="0" mb="0" cb="0"/><line nr="57" mi="3" ci="0" mb="0" cb="0"/><line nr="58" mi="1" ci="0" mb="0" cb="0"/><line nr="67" mi="4" ci="0" mb="0" cb="0"/><line nr="68" mi="1" ci="0" mb="0" cb="0"/><counter type="INSTRUCTION" missed="16" covered="0"/><counter type="LINE" missed="8" covered="0"/><counter type="COMPLEXITY" missed="4" covered="0"/><counter type="METHOD" missed="4" covered="0"/><counter type="CLASS" missed="1" covered="0"/></sourcefile><sourcefile name="URLConnectionFailureException.java"><line nr="39" mi="2" ci="0" mb="0" cb="0"/><line nr="40" mi="1" ci="0" mb="0" cb="0"/><line nr="48" mi="3" ci="0" mb="0" cb="0"/><line nr="49" mi="1" ci="0" mb="0" cb="0"/><line nr="57" mi="3" ci="0" mb="0" cb="0"/><line nr="58" mi="1" ci="0" mb="0" cb="0"/><line nr="67" mi="4" ci="0" mb="0" cb="0"/><line nr="68" mi="1" ci="0" mb="0" cb="0"/><counter type="INSTRUCTION" missed="16" covered="0"/><counter type="LINE" missed="8" covered="0"/><counter type="COMPLEXITY" missed="4" covered="0"/><counter type="METHOD" missed="4" covered="0"/><counter type="CLASS" missed="1" covered="0"/></sourcefile><sourcefile name="Checksum.java"><line nr="49" mi="0" ci="4" mb="0" cb="0"/><line nr="82" mi="0" ci="3" mb="0" cb="0"/><line nr="83" mi="0" ci="9" mb="0" cb="0"/><line nr="84" mi="0" ci="3" mb="0" cb="0"/><line nr="85" mi="0" ci="3" mb="0" cb="0"/><line nr="86" mi="0" ci="4" mb="0" cb="0"/><line nr="87" mi="0" ci="5" mb="1" cb="3"/><line nr="88" mi="0" ci="3" mb="0" cb="0"/><line nr="89" mi="0" ci="3" mb="0" cb="0"/><line nr="90" mi="0" ci="4" mb="0" cb="0"/><line nr="91" mi="0" ci="5" mb="0" cb="0"/><line nr="92" mi="0" ci="3" mb="0" cb="0"/><line nr="93" mi="0" ci="4" mb="0" cb="0"/><line nr="94" mi="0" ci="1" mb="0" cb="0"/><line nr="95" mi="0" ci="5" mb="0" cb="0"/><line nr="108" mi="0" ci="4" mb="0" cb="0"/><line nr="109" mi="0" ci="3" mb="0" cb="0"/><line nr="121" mi="0" ci="4" mb="0" cb="0"/><line nr="122" mi="0" ci="3" mb="0" cb="0"/><line nr="134" mi="0" ci="4" mb="0" cb="0"/><line nr="135" mi="0" ci="3" mb="0" cb="0"/><line nr="147" mi="0" ci="3" mb="0" cb="0"/><line nr="148" mi="0" ci="4" mb="0" cb="0"/><line nr="149" mi="0" ci="3" mb="0" cb="0"/><line nr="159" mi="0" ci="3" mb="0" cb="0"/><line nr="160" mi="0" ci="4" mb="0" cb="0"/><line nr="170" mi="0" ci="3" mb="0" cb="0"/><line nr="171" mi="0" ci="4" mb="0" cb="0"/><line nr="181" mi="0" ci="3" mb="0" cb="0"/><line nr="182" mi="0" ci="4" mb="0" cb="0"/><line nr="194" mi="0" ci="6" mb="0" cb="0"/><line nr="195" mi="1" ci="0" mb="0" cb="0"/><line nr="196" mi="4" ci="0" mb="0" cb="0"/><line nr="197" mi="0" ci="1" mb="0" cb="0"/><line nr="198" mi="0" ci="2" mb="0" cb="0"/><line nr="213" mi="0" ci="2" mb="1" cb="1"/><line nr="214" mi="2" ci="0" mb="0" cb="0"/><line nr="216" mi="0" ci="8" mb="0" cb="0"/><line nr="217" mi="0" ci="16" mb="0" cb="2"/><line nr="218" mi="0" ci="16" mb="0" cb="0"/><line nr="220" mi="0" ci="3" mb="0" cb="0"/><line nr="231" mi="0" ci="3" mb="0" cb="0"/><line nr="232" mi="1" ci="0" mb="0" cb="0"/><line nr="233" mi="4" ci="0" mb="0" cb="0"/><line nr="234" mi="9" ci="0" mb="0" cb="0"/><line nr="235" mi="6" ci="0" mb="0" cb="0"/><counter type="INSTRUCTION" missed="27" covered="168"/><counter type="BRANCH" missed="2" covered="6"/><counter type="LINE" missed="7" covered="39"/><counter type="COMPLEXITY" missed="2" covered="14"/><counter type="METHOD" missed="0" covered="12"/><counter type="CLASS" missed="0" covered="1"/></sourcefile><sourcefile name="XmlUtils.java"><line nr="80" mi="0" ci="2" mb="0" cb="0"/><line nr="81" mi="0" ci="3" mb="0" cb="0"/><line nr="82" mi="0" ci="3" mb="0" cb="0"/><line nr="83" mi="0" ci="4" mb="0" cb="0"/><line nr="84" mi="0" ci="4" mb="0" cb="0"/><line nr="85" mi="0" ci="4" mb="0" cb="0"/><line nr="86" mi="0" ci="4" mb="0" cb="0"/><line nr="87" mi="0" ci="4" mb="0" cb="0"/><line nr="89" mi="0" ci="4" mb="0" cb="0"/><line nr="91" mi="0" ci="3" mb="0" cb="0"/><line nr="92" mi="0" ci="4" mb="0" cb="0"/><line nr="93" mi="0" ci="4" mb="0" cb="0"/><line nr="94" mi="0" ci="2" mb="0" cb="0"/><line nr="108" mi="0" ci="8" mb="1" cb="2"/><line nr="111" mi="0" ci="2" mb="0" cb="0"/><line nr="112" mi="0" ci="1" mb="0" cb="0"/><line nr="115" mi="0" ci="2" mb="0" cb="0"/><line nr="116" mi="0" ci="1" mb="0" cb="0"/><line nr="118" mi="14" ci="0" mb="0" cb="0"/><line nr="120" mi="0" ci="2" mb="0" cb="0"/><line nr="138" mi="0" ci="2" mb="0" cb="0"/><line nr="139" mi="0" ci="4" mb="0" cb="0"/><line nr="140" mi="0" ci="4" mb="0" cb="0"/><line nr="141" mi="0" ci="4" mb="0" cb="0"/><line nr="142" mi="0" ci="3" mb="0" cb="0"/><line nr="153" mi="0" ci="2" mb="0" cb="0"/><line nr="154" mi="0" ci="4" mb="0" cb="0"/><line nr="155" mi="0" ci="4" mb="0" cb="0"/><line nr="156" mi="0" ci="4" mb="0" cb="0"/><line nr="157" mi="0" ci="3" mb="0" cb="0"/><line nr="168" mi="4" ci="0" mb="0" cb="0"/><line nr="170" mi="3" ci="0" mb="2" cb="0"/><line nr="171" mi="9" ci="0" mb="0" cb="0"/><line nr="173" mi="3" ci="0" mb="2" cb="0"/><line nr="174" mi="9" ci="0" mb="0" cb="0"/><line nr="176" mi="3" ci="0" mb="2" cb="0"/><line nr="177" mi="7" ci="0" mb="0" cb="0"/><line nr="179" mi="3" ci="0" mb="2" cb="0"/><line nr="180" mi="7" ci="0" mb="0" cb="0"/><line nr="182" mi="7" ci="0" mb="0" cb="0"/><line nr="184" mi="3" ci="0" mb="0" cb="0"/><counter type="INSTRUCTION" missed="72" covered="95"/><counter type="BRANCH" missed="9" covered="2"/><counter type="LINE" missed="12" covered="29"/><counter type="COMPLEXITY" missed="6" covered="5"/><counter type="METHOD" missed="1" covered="4"/><counter type="CLASS" missed="0" covered="1"/></sourcefile><sourcefile name="HttpResourceConnection.java"><line nr="48" mi="0" ci="4" mb="0" cb="0"/><line nr="74" mi="0" ci="3" mb="0" cb="0"/><line nr="86" mi="4" ci="0" mb="0" cb="0"/><line nr="87" mi="1" ci="0" mb="0" cb="0"/><line nr="95" mi="0" ci="2" mb="0" cb="0"/><line nr="96" mi="0" ci="3" mb="0" cb="0"/><line nr="97" mi="0" ci="6" mb="0" cb="0"/><line nr="98" mi="0" ci="3" mb="0" cb="0"/><line nr="99" mi="0" ci="1" mb="0" cb="0"/><line nr="111" mi="0" ci="5" mb="1" cb="1"/><line nr="114" mi="6" ci="0" mb="0" cb="0"/><line nr="115" mi="1" ci="0" mb="0" cb="0"/><line nr="116" mi="10" ci="0" mb="0" cb="0"/><line nr="117" mi="5" ci="0" mb="0" cb="0"/><line nr="118" mi="1" ci="0" mb="0" cb="0"/><line nr="119" mi="3" ci="0" mb="2" cb="0"/><line nr="121" mi="5" ci="0" mb="0" cb="0"/><line nr="122" mi="1" ci="0" mb="0" cb="0"/><line nr="123" mi="10" ci="0" mb="0" cb="0"/><line nr="124" mi="6" ci="0" mb="0" cb="0"/><line nr="127" mi="10" ci="0" mb="0" cb="0"/><line nr="128" mi="5" ci="0" mb="0" cb="0"/><line nr="131" mi="0" ci="3" mb="1" cb="1"/><line nr="132" mi="3" ci="0" mb="0" cb="0"/><line nr="133" mi="3" ci="0" mb="0" cb="0"/><line nr="134" mi="3" ci="0" mb="0" cb="0"/><line nr="136" mi="0" ci="5" mb="0" cb="0"/><line nr="138" mi="0" ci="4" mb="0" cb="0"/><line nr="140" mi="0" ci="6" mb="1" cb="3"/><line nr="141" mi="0" ci="7" mb="0" cb="0"/><line nr="142" mi="4" ci="2" mb="3" cb="1"/><line nr="143" mi="7" ci="0" mb="0" cb="0"/><line nr="145" mi="0" ci="4" mb="0" cb="0"/><line nr="147" mi="1" ci="0" mb="0" cb="0"/><line nr="148" mi="3" ci="0" mb="0" cb="0"/><line nr="149" mi="8" ci="0" mb="0" cb="0"/><line nr="150" mi="13" ci="0" mb="0" cb="0"/><line nr="151" mi="6" ci="0" mb="0" cb="0"/><line nr="152" mi="1" ci="0" mb="0" cb="0"/><line nr="153" mi="8" ci="0" mb="0" cb="0"/><line nr="154" mi="13" ci="0" mb="0" cb="0"/><line nr="155" mi="6" ci="0" mb="0" cb="0"/><line nr="169" mi="0" ci="2" mb="0" cb="0"/><line nr="171" mi="0" ci="5" mb="0" cb="0"/><line nr="172" mi="0" ci="7" mb="0" cb="0"/><line nr="173" mi="0" ci="4" mb="0" cb="0"/><line nr="174" mi="0" ci="2" mb="0" cb="0"/><line nr="175" mi="0" ci="3" mb="0" cb="0"/><line nr="176" mi="0" ci="2" mb="0" cb="0"/><line nr="178" mi="4" ci="9" mb="5" cb="3"/><line nr="182" mi="4" ci="0" mb="0" cb="0"/><line nr="184" mi="2" ci="0" mb="0" cb="0"/><line nr="186" mi="2" ci="0" mb="0" cb="0"/><line nr="188" mi="6" ci="0" mb="0" cb="0"/><line nr="189" mi="10" ci="0" mb="0" cb="0"/><line nr="190" mi="4" ci="0" mb="0" cb="0"/><line nr="191" mi="2" ci="0" mb="0" cb="0"/><line nr="192" mi="3" ci="0" mb="0" cb="0"/><line nr="193" mi="1" ci="0" mb="0" cb="0"/><line nr="194" mi="0" ci="3" mb="1" cb="1"/><line nr="196" mi="2" ci="0" mb="0" cb="0"/><line nr="198" mi="2" ci="0" mb="0" cb="0"/><line nr="200" mi="15" ci="0" mb="0" cb="0"/><line nr="201" mi="3" ci="0" mb="0" cb="0"/><line nr="202" mi="5" ci="0" mb="0" cb="0"/><line nr="204" mi="1" ci="0" mb="0" cb="0"/><line nr="206" mi="2" ci="0" mb="2" cb="0"/><line nr="207" mi="2" ci="0" mb="0" cb="0"/><line nr="210" mi="2" ci="0" mb="0" cb="0"/><line nr="212" mi="5" ci="0" mb="2" cb="0"/><line nr="213" mi="5" ci="0" mb="0" cb="0"/><line nr="216" mi="3" ci="0" mb="0" cb="0"/><line nr="217" mi="6" ci="0" mb="0" cb="0"/><line nr="219" mi="10" ci="0" mb="0" cb="0"/><line nr="220" mi="6" ci="0" mb="0" cb="0"/><line nr="221" mi="0" ci="1" mb="0" cb="0"/><line nr="222" mi="0" ci="2" mb="0" cb="0"/><line nr="239" mi="5" ci="0" mb="0" cb="0"/><line nr="260" mi="5" ci="0" mb="2" cb="0"/><line nr="263" mi="6" ci="0" mb="0" cb="0"/><line nr="264" mi="1" ci="0" mb="0" cb="0"/><line nr="265" mi="10" ci="0" mb="0" cb="0"/><line nr="266" mi="6" ci="0" mb="0" cb="0"/><line nr="267" mi="1" ci="0" mb="0" cb="0"/><line nr="268" mi="3" ci="0" mb="0" cb="0"/><line nr="269" mi="1" ci="0" mb="0" cb="0"/><line nr="270" mi="3" ci="0" mb="0" cb="0"/><line nr="271" mi="2" ci="0" mb="0" cb="0"/><line nr="273" mi="5" ci="0" mb="0" cb="0"/><line nr="274" mi="3" ci="0" mb="0" cb="0"/><line nr="275" mi="2" ci="0" mb="0" cb="0"/><line nr="276" mi="3" ci="0" mb="0" cb="0"/><line nr="277" mi="6" ci="0" mb="4" cb="0"/><line nr="278" mi="4" ci="0" mb="0" cb="0"/><line nr="280" mi="16" ci="0" mb="0" cb="0"/><line nr="282" mi="1" ci="0" mb="0" cb="0"/><line nr="283" mi="17" ci="0" mb="0" cb="0"/><line nr="284" mi="1" ci="0" mb="0" cb="0"/><line nr="285" mi="3" ci="0" mb="0" cb="0"/><line nr="286" mi="15" ci="0" mb="0" cb="0"/><line nr="287" mi="4" ci="0" mb="0" cb="0"/><line nr="288" mi="3" ci="0" mb="2" cb="0"/><line nr="289" mi="14" ci="0" mb="0" cb="0"/><line nr="293" mi="7" ci="0" mb="4" cb="0"/><line nr="294" mi="5" ci="0" mb="0" cb="0"/><line nr="295" mi="7" ci="0" mb="0" cb="0"/><line nr="297" mi="1" ci="0" mb="0" cb="0"/><line nr="298" mi="4" ci="0" mb="0" cb="0"/><line nr="299" mi="1" ci="0" mb="0" cb="0"/><line nr="300" mi="17" ci="0" mb="0" cb="0"/><line nr="302" mi="2" ci="0" mb="2" cb="0"/><line nr="304" mi="2" ci="0" mb="0" cb="0"/><line nr="306" mi="2" ci="0" mb="0" cb="0"/><line nr="311" mi="2" ci="0" mb="0" cb="0"/><line nr="321" mi="0" ci="3" mb="1" cb="1"/><line nr="323" mi="0" ci="3" mb="0" cb="0"/><line nr="325" mi="0" ci="3" mb="0" cb="0"/><line nr="328" mi="0" ci="1" mb="0" cb="0"/><line nr="336" mi="7" ci="0" mb="2" cb="0"/><line nr="345" mi="7" ci="0" mb="2" cb="0"/><line nr="355" mi="6" ci="0" mb="0" cb="0"/><line nr="369" mi="2" ci="0" mb="0" cb="0"/><line nr="370" mi="2" ci="0" mb="2" cb="0"/><line nr="371" mi="3" ci="0" mb="2" cb="0"/><line nr="372" mi="10" ci="0" mb="0" cb="0"/><line nr="373" mi="3" ci="0" mb="0" cb="0"/><line nr="374" mi="5" ci="0" mb="0" cb="0"/><line nr="376" mi="3" ci="0" mb="2" cb="0"/><line nr="377" mi="3" ci="0" mb="0" cb="0"/><line nr="378" mi="3" ci="0" mb="0" cb="0"/><line nr="379" mi="3" ci="0" mb="0" cb="0"/><line nr="380" mi="3" ci="0" mb="0" cb="0"/><line nr="381" mi="3" ci="0" mb="0" cb="0"/><line nr="383" mi="17" ci="0" mb="0" cb="0"/><line nr="385" mi="5" ci="0" mb="0" cb="0"/><line nr="387" mi="4" ci="0" mb="0" cb="0"/><line nr="389" mi="1" ci="0" mb="0" cb="0"/><counter type="INSTRUCTION" missed="534" covered="108"/><counter type="BRANCH" missed="43" covered="11"/><counter type="LINE" missed="107" covered="30"/><counter type="COMPLEXITY" missed="33" covered="6"/><counter type="METHOD" missed="7" covered="5"/><counter type="CLASS" missed="0" covered="1"/></sourcefile><sourcefile name="URLConnectionFactory.java"><line nr="51" mi="0" ci="4" mb="0" cb="0"/><line nr="62" mi="0" ci="2" mb="0" cb="0"/><line nr="63" mi="0" ci="3" mb="0" cb="0"/><line nr="64" mi="0" ci="1" mb="0" cb="0"/><line nr="78" mi="0" ci="2" mb="0" cb="0"/><line nr="79" mi="0" ci="5" mb="0" cb="0"/><line nr="82" mi="4" ci="2" mb="3" cb="1"/><line nr="83" mi="5" ci="0" mb="0" cb="0"/><line nr="84" mi="6" ci="0" mb="0" cb="0"/><line nr="86" mi="5" ci="0" mb="0" cb="0"/><line nr="87" mi="5" ci="0" mb="0" cb="0"/><line nr="89" mi="4" ci="0" mb="4" cb="0"/><line nr="90" mi="23" ci="0" mb="0" cb="0"/><line nr="93" mi="11" ci="0" mb="4" cb="0"/><line nr="94" mi="3" ci="0" mb="0" cb="0"/><line nr="95" mi="7" ci="0" mb="2" cb="0"/><line nr="96" mi="4" ci="0" mb="0" cb="0"/><line nr="98" mi="9" ci="0" mb="0" cb="0"/><line nr="100" mi="3" ci="0" mb="0" cb="0"/><line nr="103" mi="2" ci="0" mb="0" cb="0"/><line nr="106" mi="6" ci="0" mb="0" cb="0"/><line nr="107" mi="5" ci="0" mb="0" cb="0"/><line nr="108" mi="1" ci="0" mb="0" cb="0"/><line nr="109" mi="0" ci="4" mb="0" cb="0"/><line nr="111" mi="0" ci="6" mb="0" cb="0"/><line nr="112" mi="0" ci="3" mb="0" cb="0"/><line nr="113" mi="0" ci="3" mb="0" cb="0"/><line nr="114" mi="1" ci="0" mb="0" cb="0"/><line nr="115" mi="2" ci="0" mb="2" cb="0"/><line nr="117" mi="2" ci="0" mb="0" cb="0"/><line nr="119" mi="2" ci="0" mb="0" cb="0"/><line nr="122" mi="6" ci="0" mb="0" cb="0"/><line nr="123" mi="0" ci="1" mb="0" cb="0"/><line nr="126" mi="0" ci="4" mb="0" cb="0"/><line nr="127" mi="0" ci="2" mb="0" cb="0"/><line nr="138" mi="3" ci="0" mb="0" cb="0"/><line nr="141" mi="5" ci="0" mb="0" cb="0"/><line nr="142" mi="3" ci="0" mb="2" cb="0"/><line nr="143" mi="4" ci="0" mb="0" cb="0"/><line nr="144" mi="16" ci="0" mb="2" cb="0"/><line nr="146" mi="7" ci="0" mb="4" cb="0"/><line nr="148" mi="4" ci="0" mb="0" cb="0"/><line nr="149" mi="5" ci="0" mb="0" cb="0"/><line nr="150" mi="6" ci="0" mb="0" cb="0"/><line nr="152" mi="10" ci="0" mb="6" cb="0"/><line nr="153" mi="2" ci="0" mb="0" cb="0"/><line nr="156" mi="10" ci="0" mb="6" cb="0"/><line nr="157" mi="2" ci="0" mb="0" cb="0"/><line nr="160" mi="12" ci="0" mb="6" cb="0"/><line nr="161" mi="2" ci="0" mb="2" cb="0"/><line nr="162" mi="2" ci="0" mb="0" cb="0"/><line nr="164" mi="5" ci="0" mb="2" cb="0"/><line nr="165" mi="2" ci="0" mb="0" cb="0"/><line nr="169" mi="2" ci="0" mb="0" cb="0"/><line nr="184" mi="0" ci="2" mb="0" cb="2"/><line nr="185" mi="0" ci="4" mb="0" cb="0"/><line nr="189" mi="0" ci="4" mb="0" cb="0"/><line nr="190" mi="0" ci="6" mb="0" cb="0"/><line nr="191" mi="0" ci="3" mb="0" cb="0"/><line nr="192" mi="0" ci="3" mb="0" cb="0"/><line nr="193" mi="1" ci="0" mb="0" cb="0"/><line nr="194" mi="6" ci="0" mb="0" cb="0"/><line nr="195" mi="0" ci="1" mb="0" cb="0"/><line nr="196" mi="0" ci="4" mb="0" cb="0"/><line nr="197" mi="0" ci="2" mb="0" cb="0"/><line nr="209" mi="0" ci="5" mb="1" cb="1"/><line nr="211" mi="0" ci="3" mb="0" cb="0"/><line nr="212" mi="0" ci="6" mb="0" cb="0"/><line nr="213" mi="0" ci="3" mb="0" cb="0"/><line nr="214" mi="1" ci="0" mb="0" cb="0"/><line nr="215" mi="4" ci="0" mb="0" cb="0"/><line nr="216" mi="1" ci="0" mb="0" cb="0"/><line nr="217" mi="4" ci="0" mb="0" cb="0"/><line nr="218" mi="1" ci="1" mb="0" cb="0"/><line nr="220" mi="0" ci="1" mb="0" cb="0"/><counter type="INSTRUCTION" missed="236" covered="90"/><counter type="BRANCH" missed="46" covered="4"/><counter type="LINE" missed="46" covered="29"/><counter type="COMPLEXITY" missed="27" covered="6"/><counter type="METHOD" missed="3" covered="5"/><counter type="CLASS" missed="1" covered="1"/></sourcefile><counter type="INSTRUCTION" missed="1779" covered="1034"/><counter type="BRANCH" missed="181" covered="68"/><counter type="LINE" missed="384" covered="277"/><counter type="COMPLEXITY" missed="171" covered="77"/><counter type="METHOD" missed="59" covered="64"/><counter type="CLASS" missed="6" covered="8"/></package><counter type="INSTRUCTION" missed="1851" covered="1034"/><counter type="BRANCH" missed="187" covered="68"/><counter type="LINE" missed="394" covered="277"/><counter type="COMPLEXITY" missed="177" covered="77"/><counter type="METHOD" missed="62" covered="64"/><counter type="CLASS" missed="7" covered="8"/></group><counter type="INSTRUCTION" missed="1851" covered="1034"/><counter type="BRANCH" missed="187" covered="68"/><counter type="LINE" missed="394" covered="277"/><counter type="COMPLEXITY" missed="177" covered="77"/><counter type="METHOD" missed="62" covered="64"/><counter type="CLASS" missed="7" covered="8"/></report>